<?xml version="1.0" encoding="UTF-8"?>
<testng-results ignored="0" total="1" passed="1" failed="0" skipped="0">
  <reporter-output>
    <line>
      <![CDATA[chrome launched successfuly]]>
    </line>
    <line>
      <![CDATA[navigated to url: https://clubkitchen.at ]]>
    </line>
    <line>
      <![CDATA[Successfuly navigated to homepage]]>
    </line>
    <line>
      <![CDATA[Successfuly navigated to to the menu screen]]>
    </line>
    <line>
      <![CDATA[Entered the address: Semperstraße 44, 1180 Wien, Austria]]>
    </line>
    <line>
      <![CDATA[Address has been selected as: Semperstraße 44, 1180 Wien, Austria]]>
    </line>
    <line>
      <![CDATA[Clicked on select hotel button]]>
    </line>
    <line>
      <![CDATA[Successfuly navigated to homepage]]>
    </line>
    <line>
      <![CDATA[Selected the desired hotel]]>
    </line>
    <line>
      <![CDATA[clicked on add to cart button]]>
    </line>
    <line>
      <![CDATA[Successfuly added an item into cart with the success message: Der Artikel wurde erfolgreich in den Warenkorb gelegt]]>
    </line>
  </reporter-output>
  <suite started-at="2019-11-02T11:16:22Z" name="honnest food Test Automation Test Suite" finished-at="2019-11-02T11:16:53Z" duration-ms="30664">
    <groups>
    </groups>
    <test started-at="2019-11-02T11:16:22Z" name="Honest food ad to cart test" finished-at="2019-11-02T11:16:53Z" duration-ms="30664">
      <class name="com.appname.qa.testCases.AddToCartTest">
        <test-method is-config="true" signature="setUp()[pri:0, instance:com.appname.qa.testCases.AddToCartTest@3098cf3b]" started-at="2019-11-02T11:16:22Z" name="setUp" finished-at="2019-11-02T11:16:38Z" duration-ms="15997" status="PASS">
          <reporter-output>
            <line>
              <![CDATA[chrome launched successfuly]]>
            </line>
            <line>
              <![CDATA[navigated to url: https://clubkitchen.at ]]>
            </line>
          </reporter-output>
        </test-method> <!-- setUp -->
        <test-method signature="validateAddToCartOperation()[pri:1, instance:com.appname.qa.testCases.AddToCartTest@3098cf3b]" started-at="2019-11-02T11:16:38Z" name="validateAddToCartOperation" finished-at="2019-11-02T11:16:52Z" duration-ms="13842" status="PASS">
          <reporter-output>
            <line>
              <![CDATA[Successfuly navigated to homepage]]>
            </line>
            <line>
              <![CDATA[Successfuly navigated to to the menu screen]]>
            </line>
            <line>
              <![CDATA[Entered the address: Semperstraße 44, 1180 Wien, Austria]]>
            </line>
            <line>
              <![CDATA[Address has been selected as: Semperstraße 44, 1180 Wien, Austria]]>
            </line>
            <line>
              <![CDATA[Clicked on select hotel button]]>
            </line>
            <line>
              <![CDATA[Successfuly navigated to homepage]]>
            </line>
            <line>
              <![CDATA[Selected the desired hotel]]>
            </line>
            <line>
              <![CDATA[clicked on add to cart button]]>
            </line>
            <line>
              <![CDATA[Successfuly added an item into cart with the success message: Der Artikel wurde erfolgreich in den Warenkorb gelegt]]>
            </line>
          </reporter-output>
        </test-method> <!-- validateAddToCartOperation -->
        <test-method is-config="true" signature="tearDown()[pri:0, instance:com.appname.qa.testCases.AddToCartTest@3098cf3b]" started-at="2019-11-02T11:16:52Z" name="tearDown" finished-at="2019-11-02T11:16:53Z" duration-ms="793" status="PASS">
          <reporter-output>
          </reporter-output>
        </test-method> <!-- tearDown -->
      </class> <!-- com.appname.qa.testCases.AddToCartTest -->
    </test> <!-- Honest food ad to cart test -->
  </suite> <!-- honnest food Test Automation Test Suite -->
</testng-results>
